<?xml version="1.0" encoding="UTF-8"?>
<!-- Generated by org.testng.reporters.JUnitReportReporter -->
<testsuite hostname="PradeepM" failures="0" tests="1" name="SwagLabs.TestProductPricing" time="17.710" errors="0" timestamp="2022-02-03T02:22:47 IST" skipped="0">
  <testcase classname="SwagLabs.TestProductPricing" name="addProductOfHighestPriceToCart" time="17.710"/>
  <system-out/>
</testsuite> <!-- SwagLabs.TestProductPricing -->
